<?xml version="1.0" encoding="UTF-8"?>
<!-- Generated by org.testng.reporters.JUnitReportReporter -->
<testsuite hostname="LAPTOP-OTG8VUOU" failures="0" tests="1" name="KiteTest.Test_class" time="1.627" errors="0" timestamp="2022-09-03T12:14:04 IST" skipped="0">
  <testcase classname="KiteTest.Test_class" name="verifyuserID" time="1.627"/>
  <system-out>
    <![CDATA[running verify user id]]>
  </system-out>
</testsuite> <!-- KiteTest.Test_class -->
